Using pre-set license
Built from '2021.3/staging' branch; Version is '2021.3.25f1 (68ef2c4f8861) revision 6876972'; Using compiler version '192829333'; Build Type 'Release'
OS: 'Windows 11  (10.0.22621) 64bit Core' Language: 'ko' Physical Memory: 16060 MB
BatchMode: 1, IsHumanControllingUs: 0, StartBugReporterOnCrash: 0, Is64bit: 1, IsPro: 1

COMMAND LINE ARGUMENTS:
C:\Program Files\Unity\Hub\Editor\2021.3.25f1\Editor\Unity.exe
-adb2
-batchMode
-noUpm
-name
AssetImportWorker0
-projectPath
C:/Users/82109/unityproject/ImgTracking
-logFile
Logs/AssetImportWorker0.log
-srvPort
49970
Successfully changed project path to: C:/Users/82109/unityproject/ImgTracking
C:/Users/82109/unityproject/ImgTracking
[UnityMemory] Configuration Parameters - Can be set up in boot.config
    "memorysetup-bucket-allocator-granularity=16"
    "memorysetup-bucket-allocator-bucket-count=8"
    "memorysetup-bucket-allocator-block-size=33554432"
    "memorysetup-bucket-allocator-block-count=8"
    "memorysetup-main-allocator-block-size=16777216"
    "memorysetup-thread-allocator-block-size=16777216"
    "memorysetup-gfx-main-allocator-block-size=16777216"
    "memorysetup-gfx-thread-allocator-block-size=16777216"
    "memorysetup-cache-allocator-block-size=4194304"
    "memorysetup-typetree-allocator-block-size=2097152"
    "memorysetup-profiler-bucket-allocator-granularity=16"
    "memorysetup-profiler-bucket-allocator-bucket-count=8"
    "memorysetup-profiler-bucket-allocator-block-size=33554432"
    "memorysetup-profiler-bucket-allocator-block-count=8"
    "memorysetup-profiler-allocator-block-size=16777216"
    "memorysetup-profiler-editor-allocator-block-size=1048576"
    "memorysetup-temp-allocator-size-main=16777216"
    "memorysetup-job-temp-allocator-block-size=2097152"
    "memorysetup-job-temp-allocator-block-size-background=1048576"
    "memorysetup-job-temp-allocator-reduction-small-platforms=262144"
    "memorysetup-temp-allocator-size-background-worker=32768"
    "memorysetup-temp-allocator-size-job-worker=262144"
    "memorysetup-temp-allocator-size-preload-manager=33554432"
    "memorysetup-temp-allocator-size-nav-mesh-worker=65536"
    "memorysetup-temp-allocator-size-audio-worker=65536"
    "memorysetup-temp-allocator-size-cloud-worker=32768"
    "memorysetup-temp-allocator-size-gi-baking-worker=262144"
    "memorysetup-temp-allocator-size-gfx=262144"
Player connection [18980] Host "[IP] 192.168.78.20 [Port] 0 [Flags] 2 [Guid] 1154167926 [EditorId] 1154167926 [Version] 1048832 [Id] WindowsEditor(7,DESKTOP-639IIR8) [Debug] 1 [PackageName] WindowsEditor [ProjectName] Editor" joined multi-casting on [225.0.0.222:54997]...

Player connection [18980] Host "[IP] 192.168.78.20 [Port] 0 [Flags] 2 [Guid] 1154167926 [EditorId] 1154167926 [Version] 1048832 [Id] WindowsEditor(7,DESKTOP-639IIR8) [Debug] 1 [PackageName] WindowsEditor [ProjectName] Editor" joined alternative multi-casting on [225.0.0.222:34997]...

Refreshing native plugins compatible for Editor in 430.58 ms, found 10 plugins.
Preloading 0 native plugins for Editor in 0.00 ms.
Initialize engine version: 2021.3.25f1 (68ef2c4f8861)
[Subsystems] Discovering subsystems at path C:/Program Files/Unity/Hub/Editor/2021.3.25f1/Editor/Data/Resources/UnitySubsystems
[Subsystems] Discovering subsystems at path C:/Users/82109/unityproject/ImgTracking/Assets
GfxDevice: creating device client; threaded=0; jobified=0
Direct3D:
    Version:  Direct3D 11.0 [level 11.1]
    Renderer: NVIDIA GeForce MX450 (ID=0x1f97)
    Vendor:   NVIDIA
    VRAM:     1928 MB
    Driver:   27.21.14.5256
Initialize mono
Mono path[0] = 'C:/Program Files/Unity/Hub/Editor/2021.3.25f1/Editor/Data/Managed'
Mono path[1] = 'C:/Program Files/Unity/Hub/Editor/2021.3.25f1/Editor/Data/MonoBleedingEdge/lib/mono/unityjit-win32'
Mono config path = 'C:/Program Files/Unity/Hub/Editor/2021.3.25f1/Editor/Data/MonoBleedingEdge/etc'
Using monoOptions --debugger-agent=transport=dt_socket,embedding=1,server=y,suspend=n,address=127.0.0.1:56972
Begin MonoManager ReloadAssembly
Registering precompiled unity dll's ...
Register platform support module: C:/Program Files/Unity/Hub/Editor/2021.3.25f1/Editor/Data/PlaybackEngines/WebGLSupport/UnityEditor.WebGL.Extensions.dll
Register platform support module: C:/Program Files/Unity/Hub/Editor/2021.3.25f1/Editor/Data/PlaybackEngines/AndroidPlayer/UnityEditor.Android.Extensions.dll
Register platform support module: C:/Program Files/Unity/Hub/Editor/2021.3.25f1/Editor/Data/PlaybackEngines/WindowsStandaloneSupport/UnityEditor.WindowsStandalone.Extensions.dll
Registered in 0.012955 seconds.
Native extension for WindowsStandalone target not found
Native extension for Android target not found
Android Extension - Scanning For ADB Devices 1507 ms
Native extension for WebGL target not found
Refreshing native plugins compatible for Editor in 172.54 ms, found 10 plugins.
Preloading 0 native plugins for Editor in 0.00 ms.
Mono: successfully reloaded assembly
- Completed reload, in  3.113 seconds
Domain Reload Profiling:
	ReloadAssembly (3114ms)
		BeginReloadAssembly (211ms)
			ExecutionOrderSort (0ms)
			DisableScriptedObjects (0ms)
			BackupInstance (0ms)
			ReleaseScriptingObjects (0ms)
			CreateAndSetChildDomain (1ms)
		EndReloadAssembly (2689ms)
			LoadAssemblies (208ms)
			RebuildTransferFunctionScriptingTraits (0ms)
			SetupTypeCache (271ms)
			ReleaseScriptCaches (0ms)
			RebuildScriptCaches (89ms)
			SetupLoadedEditorAssemblies (2195ms)
				LogAssemblyErrors (0ms)
				InitializePlatformSupportModulesInManaged (1743ms)
				SetLoadedEditorAssemblies (0ms)
				RefreshPlugins (173ms)
				BeforeProcessingInitializeOnLoad (2ms)
				ProcessInitializeOnLoadAttributes (175ms)
				ProcessInitializeOnLoadMethodAttributes (101ms)
				AfterProcessingInitializeOnLoad (0ms)
				EditorAssembliesLoaded (0ms)
			ExecutionOrderSort2 (0ms)
			AwakeInstancesAfterBackupRestoration (0ms)
Platform modules already initialized, skipping
Registering precompiled user dll's ...
Registered in 0.020054 seconds.
Begin MonoManager ReloadAssembly
Symbol file LoadedFromMemory doesn't match image C:\Users\82109\unityproject\ImgTracking\Library\PackageCache\com.unity.visualscripting@1.8.0\Editor\VisualScripting.Core\Dependencies\DotNetZip\Unity.VisualScripting.IonicZip.dll
Symbol file LoadedFromMemory doesn't match image C:\Users\82109\unityproject\ImgTracking\Library\PackageCache\com.unity.visualscripting@1.8.0\Editor\VisualScripting.Core\Dependencies\YamlDotNet\Unity.VisualScripting.YamlDotNet.dll
Native extension for WindowsStandalone target not found
Native extension for Android target not found
Native extension for WebGL target not found
Refreshing native plugins compatible for Editor in 146.66 ms, found 10 plugins.
Preloading 0 native plugins for Editor in 0.00 ms.
Package Manager log level set to [2]
Mono: successfully reloaded assembly
- Completed reload, in  2.429 seconds
Domain Reload Profiling:
	ReloadAssembly (2430ms)
		BeginReloadAssembly (294ms)
			ExecutionOrderSort (0ms)
			DisableScriptedObjects (13ms)
			BackupInstance (0ms)
			ReleaseScriptingObjects (0ms)
			CreateAndSetChildDomain (39ms)
		EndReloadAssembly (1877ms)
			LoadAssemblies (274ms)
			RebuildTransferFunctionScriptingTraits (0ms)
			SetupTypeCache (560ms)
			ReleaseScriptCaches (2ms)
			RebuildScriptCaches (105ms)
			SetupLoadedEditorAssemblies (895ms)
				LogAssemblyErrors (0ms)
				InitializePlatformSupportModulesInManaged (37ms)
				SetLoadedEditorAssemblies (0ms)
				RefreshPlugins (147ms)
				BeforeProcessingInitializeOnLoad (210ms)
				ProcessInitializeOnLoadAttributes (456ms)
				ProcessInitializeOnLoadMethodAttributes (28ms)
				AfterProcessingInitializeOnLoad (17ms)
				EditorAssembliesLoaded (1ms)
			ExecutionOrderSort2 (0ms)
			AwakeInstancesAfterBackupRestoration (29ms)
Platform modules already initialized, skipping
========================================================================
Worker process is ready to serve import requests
Launched and connected shader compiler UnityShaderCompiler.exe after 0.18 seconds
Refreshing native plugins compatible for Editor in 1.73 ms, found 10 plugins.
Preloading 0 native plugins for Editor in 0.00 ms.
Unloading 4103 Unused Serialized files (Serialized files now loaded: 0)
Unloading 52 unused Assets / (304.7 KB). Loaded Objects now: 4544.
Memory consumption went from 151.0 MB to 150.7 MB.
Total: 6.764100 ms (FindLiveObjects: 0.535800 ms CreateObjectMapping: 0.456900 ms MarkObjects: 5.573300 ms  DeleteObjects: 0.196400 ms)

AssetImportParameters requested are different than current active one (requested -> active):
  custom:video-decoder-ogg-theora: a1e56fd34408186e4bbccfd4996cb3dc -> 
  custom:container-muxer-webm: aa71ff27fc2769a1b78a27578f13a17b -> 
  custom:container-demuxer-webm: 4f35f7cbe854078d1ac9338744f61a02 -> 
  custom:video-encoder-webm-vp8: eb34c28f22e8b96e1ab97ce403110664 -> 
  custom:video-codec-MediaFoundation-h265: 746d11721c4dcdbdad8f713fa42b33f4 -> 
  custom:audio-encoder-webm-vorbis: bf7c407c2cedff20999df2af8eb42d56 -> 
  custom:framework-win-MediaFoundation: 216162199b28c13a410421893ffa2e32 -> 
  custom:container-demuxer-ogg: 62fdf1f143b41e24485cea50d1cbac27 -> 
  custom:video-decoder-webm-vp8: 9c59270c3fd7afecdb556c50c9e8de78 -> 
  custom:audio-decoder-ogg-vorbis: bf7c407c2cedff20999df2af8eb42d56 -> 
========================================================================
Received Import Request.
  Time since last request: 402.831056 seconds.
  path: Assets/Res/Prefabs/deungpae.fbx
  artifactKey: Guid(49c374390b1bd7a47a83773f665fcb5f) Importer(815301076,1909f56bfc062723c751e8b465ee728b)
Start importing Assets/Res/Prefabs/deungpae.fbx using Guid(49c374390b1bd7a47a83773f665fcb5f) Importer(815301076,1909f56bfc062723c751e8b465ee728b)  -> (artifact id: '61a71a9c1b85a39bf7aa366ab63b95bc') in 1.835885 seconds 
========================================================================
Received Import Request.
  Time since last request: 0.000050 seconds.
  path: Assets/Res/Prefabs/nangseon.fbx
  artifactKey: Guid(c1c54ac64d73ea444bb7388e39d0e26a) Importer(815301076,1909f56bfc062723c751e8b465ee728b)
Start importing Assets/Res/Prefabs/nangseon.fbx using Guid(c1c54ac64d73ea444bb7388e39d0e26a) Importer(815301076,1909f56bfc062723c751e8b465ee728b)  -> (artifact id: 'c3bddf3fe821468d5b1a6ae28906153d') in 0.299297 seconds 
========================================================================
Received Import Request.
  Time since last request: 0.000064 seconds.
  path: Assets/Res/Prefabs
  artifactKey: Guid(46480c65151126f4584298a00bdb9663) Importer(815301076,1909f56bfc062723c751e8b465ee728b)
Start importing Assets/Res/Prefabs using Guid(46480c65151126f4584298a00bdb9663) Importer(815301076,1909f56bfc062723c751e8b465ee728b)  -> (artifact id: 'ae367d27c4412b4b55651d1426925631') in 0.014701 seconds 
========================================================================
Received Import Request.
  Time since last request: 0.000035 seconds.
  path: Assets/Res/ssanggeom.jpeg
  artifactKey: Guid(18a64442f8797ab4689b3317d7667f04) Importer(815301076,1909f56bfc062723c751e8b465ee728b)
Start importing Assets/Res/ssanggeom.jpeg using Guid(18a64442f8797ab4689b3317d7667f04) Importer(815301076,1909f56bfc062723c751e8b465ee728b)  -> (artifact id: '53ba92147a2567518b0c63193853bfca') in 0.116838 seconds 
========================================================================
Received Import Request.
  Time since last request: 0.000029 seconds.
  path: Assets/Res/Prefabs/gwonbeop.fbx
  artifactKey: Guid(80a7daf459b34844d8cc078ed726447e) Importer(815301076,1909f56bfc062723c751e8b465ee728b)
Start importing Assets/Res/Prefabs/gwonbeop.fbx using Guid(80a7daf459b34844d8cc078ed726447e) Importer(815301076,1909f56bfc062723c751e8b465ee728b)  -> (artifact id: 'd58af2592296abd676365ba1b2a508cd') in 0.221693 seconds 
========================================================================
Received Import Request.
  Time since last request: 0.000036 seconds.
  path: Assets/Res/woldo.jpeg
  artifactKey: Guid(dcc31de5f4943a541b6be6507fc88daa) Importer(815301076,1909f56bfc062723c751e8b465ee728b)
Start importing Assets/Res/woldo.jpeg using Guid(dcc31de5f4943a541b6be6507fc88daa) Importer(815301076,1909f56bfc062723c751e8b465ee728b)  -> (artifact id: '2ae41c6bce735a95f73040fa65b6cb9a') in 0.027949 seconds 
========================================================================
Received Import Request.
  Time since last request: 0.000046 seconds.
  path: Assets/Res/Prefabs/gonbang.fbx
  artifactKey: Guid(b953eb249e3f03f498d26afadcb9384c) Importer(815301076,1909f56bfc062723c751e8b465ee728b)
Start importing Assets/Res/Prefabs/gonbang.fbx using Guid(b953eb249e3f03f498d26afadcb9384c) Importer(815301076,1909f56bfc062723c751e8b465ee728b)  -> (artifact id: '96829f60d8c70b943a9cb0b371a6e717') in 0.256207 seconds 
========================================================================
Received Import Request.
  Time since last request: 0.000032 seconds.
  path: Assets/Res/nangseon.jpeg
  artifactKey: Guid(4fc16491df5cc8b49a74aeaf04ba7228) Importer(815301076,1909f56bfc062723c751e8b465ee728b)
Start importing Assets/Res/nangseon.jpeg using Guid(4fc16491df5cc8b49a74aeaf04ba7228) Importer(815301076,1909f56bfc062723c751e8b465ee728b)  -> (artifact id: '9d5b5a8ff1f4dfa7fad21bd72ab5befb') in 0.024209 seconds 
========================================================================
Received Import Request.
  Time since last request: 0.000037 seconds.
  path: Assets/imageTracking/ReferenceImageLibrary.asset
  artifactKey: Guid(1b1361248eb03d54c9c3eec5aa458f1a) Importer(815301076,1909f56bfc062723c751e8b465ee728b)
Start importing Assets/imageTracking/ReferenceImageLibrary.asset using Guid(1b1361248eb03d54c9c3eec5aa458f1a) Importer(815301076,1909f56bfc062723c751e8b465ee728b)  -> (artifact id: '136b6d984c1d55f3de10fd1ca30e353e') in 0.060528 seconds 
========================================================================
Received Import Request.
  Time since last request: 0.000030 seconds.
  path: Assets/Res/Prefabs/hyeopdo.fbx
  artifactKey: Guid(170ea651f2022a5458a983a5abbfc312) Importer(815301076,1909f56bfc062723c751e8b465ee728b)
Start importing Assets/Res/Prefabs/hyeopdo.fbx using Guid(170ea651f2022a5458a983a5abbfc312) Importer(815301076,1909f56bfc062723c751e8b465ee728b)  -> (artifact id: '676f63fad32859c7c8ec26055970b1c4') in 0.254754 seconds 
========================================================================
Received Import Request.
  Time since last request: 0.000035 seconds.
  path: Assets/Res/gwonbeop.jpeg
  artifactKey: Guid(47fecdecd2830c1499c4c1756b786c5a) Importer(815301076,1909f56bfc062723c751e8b465ee728b)
Start importing Assets/Res/gwonbeop.jpeg using Guid(47fecdecd2830c1499c4c1756b786c5a) Importer(815301076,1909f56bfc062723c751e8b465ee728b)  -> (artifact id: '258c9cc5bd26d7a2a7f05a04f8f6ff5b') in 0.023186 seconds 
========================================================================
Received Import Request.
  Time since last request: 0.000041 seconds.
  path: Assets/Res/Prefabs/ssangsudo.fbx
  artifactKey: Guid(82c7eab2f891ea64793c5f203b453b90) Importer(815301076,1909f56bfc062723c751e8b465ee728b)
Start importing Assets/Res/Prefabs/ssangsudo.fbx using Guid(82c7eab2f891ea64793c5f203b453b90) Importer(815301076,1909f56bfc062723c751e8b465ee728b)  -> (artifact id: '9a2695cf632cc752bb402d5c946377a1') in 0.242639 seconds 
========================================================================
Received Import Request.
  Time since last request: 4.620389 seconds.
  path: Assets/Scenes/SampleScene.unity
  artifactKey: Guid(9fc0d4010bbf28b4594072e72b8655ab) Importer(815301076,1909f56bfc062723c751e8b465ee728b)
Start importing Assets/Scenes/SampleScene.unity using Guid(9fc0d4010bbf28b4594072e72b8655ab) Importer(815301076,1909f56bfc062723c751e8b465ee728b)  -> (artifact id: '2cbaf9bc50a680db78bca2ae5dfb1d54') in 0.013051 seconds 
========================================================================
Received Import Request.
  Time since last request: 14.758497 seconds.
  path: Assets/imageTracking/ARTrackedImg.cs
  artifactKey: Guid(e6ad9286339c0f741a50df49e4e95a8b) Importer(815301076,1909f56bfc062723c751e8b465ee728b)
Start importing Assets/imageTracking/ARTrackedImg.cs using Guid(e6ad9286339c0f741a50df49e4e95a8b) Importer(815301076,1909f56bfc062723c751e8b465ee728b)  -> (artifact id: '8bd74c3d428e6c5fe7dd57e5b3e26ed4') in 0.025191 seconds 
========================================================================
Received Prepare
Registering precompiled user dll's ...
Registered in 0.011424 seconds.
Begin MonoManager ReloadAssembly
Symbol file LoadedFromMemory doesn't match image C:\Users\82109\unityproject\ImgTracking\Library\PackageCache\com.unity.visualscripting@1.8.0\Editor\VisualScripting.Core\Dependencies\DotNetZip\Unity.VisualScripting.IonicZip.dll
Symbol file LoadedFromMemory doesn't match image C:\Users\82109\unityproject\ImgTracking\Library\PackageCache\com.unity.visualscripting@1.8.0\Editor\VisualScripting.Core\Dependencies\YamlDotNet\Unity.VisualScripting.YamlDotNet.dll
Native extension for WindowsStandalone target not found
Native extension for Android target not found
Native extension for WebGL target not found
Refreshing native plugins compatible for Editor in 0.71 ms, found 10 plugins.
Preloading 0 native plugins for Editor in 0.00 ms.
Mono: successfully reloaded assembly
- Completed reload, in  1.139 seconds
Domain Reload Profiling:
	ReloadAssembly (1139ms)
		BeginReloadAssembly (204ms)
			ExecutionOrderSort (0ms)
			DisableScriptedObjects (4ms)
			BackupInstance (0ms)
			ReleaseScriptingObjects (0ms)
			CreateAndSetChildDomain (49ms)
		EndReloadAssembly (810ms)
			LoadAssemblies (143ms)
			RebuildTransferFunctionScriptingTraits (0ms)
			SetupTypeCache (290ms)
			ReleaseScriptCaches (1ms)
			RebuildScriptCaches (36ms)
			SetupLoadedEditorAssemblies (333ms)
				LogAssemblyErrors (0ms)
				InitializePlatformSupportModulesInManaged (21ms)
				SetLoadedEditorAssemblies (0ms)
				RefreshPlugins (1ms)
				BeforeProcessingInitializeOnLoad (75ms)
				ProcessInitializeOnLoadAttributes (209ms)
				ProcessInitializeOnLoadMethodAttributes (17ms)
				AfterProcessingInitializeOnLoad (9ms)
				EditorAssembliesLoaded (0ms)
			ExecutionOrderSort2 (0ms)
			AwakeInstancesAfterBackupRestoration (13ms)
Platform modules already initialized, skipping
Refreshing native plugins compatible for Editor in 7.76 ms, found 10 plugins.
Preloading 0 native plugins for Editor in 0.00 ms.
Unloading 4067 Unused Serialized files (Serialized files now loaded: 0)
Unloading 42 unused Assets / (43.1 KB). Loaded Objects now: 4593.
Memory consumption went from 161.5 MB to 161.5 MB.
Total: 3.618100 ms (FindLiveObjects: 0.248400 ms CreateObjectMapping: 0.170500 ms MarkObjects: 3.145000 ms  DeleteObjects: 0.052900 ms)

AssetImportParameters requested are different than current active one (requested -> active):
  custom:video-decoder-ogg-theora: a1e56fd34408186e4bbccfd4996cb3dc -> 
  custom:container-muxer-webm: aa71ff27fc2769a1b78a27578f13a17b -> 
  custom:container-demuxer-webm: 4f35f7cbe854078d1ac9338744f61a02 -> 
  custom:video-encoder-webm-vp8: eb34c28f22e8b96e1ab97ce403110664 -> 
  custom:video-codec-MediaFoundation-h265: 746d11721c4dcdbdad8f713fa42b33f4 -> 
  custom:audio-encoder-webm-vorbis: bf7c407c2cedff20999df2af8eb42d56 -> 
  custom:framework-win-MediaFoundation: 216162199b28c13a410421893ffa2e32 -> 
  custom:container-demuxer-ogg: 62fdf1f143b41e24485cea50d1cbac27 -> 
  custom:video-decoder-webm-vp8: 9c59270c3fd7afecdb556c50c9e8de78 -> 
  custom:audio-decoder-ogg-vorbis: bf7c407c2cedff20999df2af8eb42d56 -> 
========================================================================
Received Prepare
Registering precompiled user dll's ...
Registered in 0.014651 seconds.
Begin MonoManager ReloadAssembly
Symbol file LoadedFromMemory doesn't match image C:\Users\82109\unityproject\ImgTracking\Library\PackageCache\com.unity.visualscripting@1.8.0\Editor\VisualScripting.Core\Dependencies\DotNetZip\Unity.VisualScripting.IonicZip.dll
Symbol file LoadedFromMemory doesn't match image C:\Users\82109\unityproject\ImgTracking\Library\PackageCache\com.unity.visualscripting@1.8.0\Editor\VisualScripting.Core\Dependencies\YamlDotNet\Unity.VisualScripting.YamlDotNet.dll
Native extension for WindowsStandalone target not found
Native extension for Android target not found
Native extension for WebGL target not found
Refreshing native plugins compatible for Editor in 1.36 ms, found 10 plugins.
Preloading 0 native plugins for Editor in 0.00 ms.
Mono: successfully reloaded assembly
- Completed reload, in  1.271 seconds
Domain Reload Profiling:
	ReloadAssembly (1272ms)
		BeginReloadAssembly (175ms)
			ExecutionOrderSort (0ms)
			DisableScriptedObjects (7ms)
			BackupInstance (0ms)
			ReleaseScriptingObjects (0ms)
			CreateAndSetChildDomain (35ms)
		EndReloadAssembly (964ms)
			LoadAssemblies (146ms)
			RebuildTransferFunctionScriptingTraits (0ms)
			SetupTypeCache (311ms)
			ReleaseScriptCaches (1ms)
			RebuildScriptCaches (36ms)
			SetupLoadedEditorAssemblies (422ms)
				LogAssemblyErrors (0ms)
				InitializePlatformSupportModulesInManaged (29ms)
				SetLoadedEditorAssemblies (0ms)
				RefreshPlugins (1ms)
				BeforeProcessingInitializeOnLoad (98ms)
				ProcessInitializeOnLoadAttributes (254ms)
				ProcessInitializeOnLoadMethodAttributes (28ms)
				AfterProcessingInitializeOnLoad (11ms)
				EditorAssembliesLoaded (0ms)
			ExecutionOrderSort2 (0ms)
			AwakeInstancesAfterBackupRestoration (11ms)
Platform modules already initialized, skipping
Refreshing native plugins compatible for Editor in 6.07 ms, found 10 plugins.
Preloading 0 native plugins for Editor in 0.00 ms.
Unloading 4067 Unused Serialized files (Serialized files now loaded: 0)
Unloading 42 unused Assets / (43.1 KB). Loaded Objects now: 4597.
Memory consumption went from 161.6 MB to 161.5 MB.
Total: 3.511400 ms (FindLiveObjects: 0.316700 ms CreateObjectMapping: 0.282800 ms MarkObjects: 2.852400 ms  DeleteObjects: 0.058400 ms)

AssetImportParameters requested are different than current active one (requested -> active):
  custom:video-decoder-ogg-theora: a1e56fd34408186e4bbccfd4996cb3dc -> 
  custom:container-muxer-webm: aa71ff27fc2769a1b78a27578f13a17b -> 
  custom:container-demuxer-webm: 4f35f7cbe854078d1ac9338744f61a02 -> 
  custom:video-encoder-webm-vp8: eb34c28f22e8b96e1ab97ce403110664 -> 
  custom:video-codec-MediaFoundation-h265: 746d11721c4dcdbdad8f713fa42b33f4 -> 
  custom:audio-encoder-webm-vorbis: bf7c407c2cedff20999df2af8eb42d56 -> 
  custom:framework-win-MediaFoundation: 216162199b28c13a410421893ffa2e32 -> 
  custom:container-demuxer-ogg: 62fdf1f143b41e24485cea50d1cbac27 -> 
  custom:video-decoder-webm-vp8: 9c59270c3fd7afecdb556c50c9e8de78 -> 
  custom:audio-decoder-ogg-vorbis: bf7c407c2cedff20999df2af8eb42d56 -> 
